2025-09-25 12:10:55,824 - __main__ - INFO - ============================================================
2025-09-25 12:10:55,825 - __main__ - INFO - Test Planner V2 - Starting
2025-09-25 12:10:55,825 - __main__ - INFO - ============================================================
2025-09-25 12:10:55,825 - __main__ - INFO - Input folder: .\input_data\gen3_pv\senario_2b_fte_4_project_mw\
2025-09-25 12:10:55,826 - __main__ - INFO - Output folder: .\input_data\gen3_pv\senario_2b_fte_4_project_mw\output
2025-09-25 12:10:55,826 - __main__ - INFO - Debug level: INFO
2025-09-25 12:10:55,826 - __main__ - INFO - Time limit: 400.0 seconds
2025-09-25 12:10:55,827 - __main__ - INFO - Step 1: Loading and validating input data...
2025-09-25 12:10:55,891 - __main__ - INFO - Successfully loaded:
2025-09-25 12:10:55,891 - __main__ - INFO -   - 18 project legs
2025-09-25 12:10:55,892 - __main__ - INFO -   - 204 tests
2025-09-25 12:10:55,892 - __main__ - INFO -   - 44 FTE availability windows
2025-09-25 12:10:55,893 - __main__ - INFO -   - 44 equipment availability windows
2025-09-25 12:10:55,893 - __main__ - INFO - Step 2: Building constraint programming model...
2025-09-25 12:10:57,193 - __main__ - INFO - Model built with:
2025-09-25 12:10:57,193 - __main__ - INFO -   - 204 test variables
2025-09-25 12:10:57,193 - __main__ - INFO -   - 1632 resource assignment variables
2025-09-25 12:10:57,194 - __main__ - INFO -   - Time horizon: 4072 days
2025-09-25 12:10:57,194 - __main__ - INFO - Step 3: Solving optimization problem...
2025-09-25 12:17:37,526 - __main__ - INFO - Solver completed with status: FEASIBLE
2025-09-25 12:17:37,526 - __main__ - INFO - Solve time: 400.20 seconds
2025-09-25 12:17:37,527 - __main__ - INFO - Solution found:
2025-09-25 12:17:37,527 - __main__ - INFO -   - Makespan: 805 days
2025-09-25 12:17:37,527 - __main__ - INFO -   - Tests scheduled: 204
2025-09-25 12:17:37,527 - __main__ - INFO -   - Objective value: 805.0
2025-09-25 12:17:37,528 - __main__ - INFO - Step 4: Generating reports and visualizations...
2025-09-25 12:17:42,425 - __main__ - INFO - ============================================================
2025-09-25 12:17:42,425 - __main__ - INFO - Test Planner V2 - Completed Successfully
2025-09-25 12:17:42,425 - __main__ - INFO - ============================================================
