2025-09-22 10:56:20 [INFO] planner - Logging configured: level=INFO
2025-09-22 10:57:49 [INFO] planner - Logging configured: level=INFO
2025-09-22 11:36:27 [INFO] planner - Logging configured: level=INFO
2025-09-22 11:59:52 [INFO] planner - Logging configured: level=INFO
2025-09-22 12:34:28 [INFO] planner - Logging configured: level=INFO
2025-09-22 12:36:25 [INFO] planner - Logging configured: level=INFO
2025-09-22 12:37:49 [INFO] planner - Logging configured: level=INFO
2025-09-22 12:38:09 [INFO] planner - Logging configured: level=INFO
2025-09-22 12:39:45 [INFO] planner - Logging configured: level=INFO
2025-09-22 12:42:41 [INFO] planner - Logging configured: level=INFO
2025-09-22 12:42:41 [INFO] planner - debug.py:info:153 - Validating input data in input_data/gen3_pv/senario_4
2025-09-22 12:42:41 [INFO] planner - debug.py:info:153 - legs is a DataFrame: 12 rows x 7 columns
2025-09-22 12:42:41 [INFO] planner - debug.py:info:153 - tests is a DataFrame: 138 rows x 15 columns
2025-09-22 12:42:41 [INFO] planner - debug.py:info:153 - fte is a DataFrame: 44 rows x 3 columns
2025-09-22 12:42:41 [INFO] planner - debug.py:info:153 - equipment is a DataFrame: 66 rows x 3 columns
2025-09-22 12:42:41 [INFO] planner - debug.py:info:153 - duts is a DataFrame: 102 rows x 2 columns
2025-09-22 12:42:47 [INFO] planner - Logging configured: level=INFO
2025-09-22 12:42:47 [INFO] planner - debug.py:info:153 - Validating input data in input_data/gen3_pv/senario_4
2025-09-22 12:42:47 [INFO] planner - debug.py:info:153 - legs is a DataFrame: 12 rows x 7 columns
2025-09-22 12:42:47 [INFO] planner - debug.py:info:153 - tests is a DataFrame: 138 rows x 15 columns
2025-09-22 12:42:47 [INFO] planner - debug.py:info:153 - fte is a DataFrame: 44 rows x 3 columns
2025-09-22 12:42:47 [INFO] planner - debug.py:info:153 - equipment is a DataFrame: 66 rows x 3 columns
2025-09-22 12:42:47 [INFO] planner - debug.py:info:153 - duts is a DataFrame: 102 rows x 2 columns
2025-09-22 12:42:47 [INFO] planner - debug.py:info:153 - Writing validation report to input_data/gen3_pv/senario_4/output/data
2025-09-22 12:42:47 [INFO] planner - debug.py:info:153 - Validation summary: 0 errors, 0 warnings
2025-09-22 12:42:47 [INFO] planner - debug.py:info:153 - Validation report written to input_data/gen3_pv/senario_4/output/data\validation_report.csv
2025-09-22 12:42:47 [INFO] planner - debug.py:info:153 - Validation summary written to input_data/gen3_pv/senario_4/output/data\validation_summary.txt
2025-09-22 12:43:47 [INFO] planner - Logging configured: level=INFO
2025-09-22 12:43:53 [INFO] planner - Logging configured: level=INFO
2025-09-22 12:46:35 [INFO] planner - Logging configured: level=INFO
2025-09-22 12:48:26 [INFO] planner - Logging configured: level=INFO
2025-09-22 12:53:27 [INFO] planner - Logging configured: level=INFO
2025-09-22 12:58:48 [INFO] planner - Logging configured: level=INFO
2025-09-22 13:01:19 [INFO] planner - Logging configured: level=INFO
2025-09-22 13:03:43 [INFO] planner - Logging configured: level=INFO
2025-09-22 13:05:53 [INFO] planner - Logging configured: level=INFO
2025-09-22 13:10:48 [INFO] planner - Logging configured: level=INFO
2025-09-22 13:14:18 [INFO] planner - Logging configured: level=INFO
2025-09-22 13:16:27 [INFO] planner - Logging configured: level=INFO
2025-09-22 13:18:58 [INFO] planner - Logging configured: level=INFO
2025-09-22 13:23:17 [INFO] planner - Logging configured: level=INFO
2025-09-22 13:26:55 [INFO] planner - Logging configured: level=INFO
2025-09-22 13:27:40 [INFO] planner - Logging configured: level=INFO
2025-09-22 13:32:14 [INFO] planner - Logging configured: level=INFO
2025-09-22 13:38:29 [INFO] planner - Logging configured: level=INFO
2025-09-22 13:42:54 [INFO] planner - Logging configured: level=INFO
2025-09-22 13:48:03 [INFO] planner - Logging configured: level=INFO
2025-09-22 13:49:41 [INFO] planner - Logging configured: level=INFO
2025-09-22 13:55:11 [INFO] planner - Logging configured: level=INFO
2025-09-22 13:59:50 [INFO] planner - Logging configured: level=INFO
2025-09-22 14:01:32 [INFO] planner - Logging configured: level=INFO
